
======================================================================================


--------------------------------------------------------------------------------------

日志时间：2022-04-28 09:01:55,056 [36] 
日志级别：ERROR 
日 志 类：类名：NF.WeiXinApp.Areas.APIData.Controllers
	方法名：MoveNext [(null)] 
无法绑定由多个部分组成的标识符 "NF.Model.Models.CompAttachment"。 

======================================================================================


--------------------------------------------------------------------------------------

日志时间：2022-04-28 09:07:41,108 [36] 
日志级别：ERROR 
日 志 类：类名：NF.WeiXinApp.Areas.APIData.Controllers
	方法名：MoveNext [(null)] 
无法绑定由多个部分组成的标识符 "NF.Model.Models.CompAttachment"。 

======================================================================================

======================================================================================


--------------------------------------------------------------------------------------

日志时间：2022-04-28 09:26:31,301 [25] 
日志级别：INFO  
日 志 类：类名：NF.WeiXinApp.Controllers
	方法名：Index [(null)] 
登录用户： 

======================================================================================

======================================================================================

======================================================================================

======================================================================================

======================================================================================

======================================================================================

======================================================================================

======================================================================================

======================================================================================

======================================================================================

======================================================================================

======================================================================================

======================================================================================

======================================================================================

======================================================================================

======================================================================================

======================================================================================

======================================================================================

======================================================================================

======================================================================================

======================================================================================

======================================================================================

======================================================================================

======================================================================================

======================================================================================

======================================================================================


--------------------------------------------------------------------------------------

日志时间：2022-04-28 17:31:26,768 [9] 
日志级别：ERROR 
日 志 类：类名：NF.WeiXinApp.Utility.Filters
	方法名：OnException [(null)] 
Value cannot be null. (Parameter 'connectionString') 

======================================================================================

======================================================================================
