
======================================================================================

======================================================================================

======================================================================================

======================================================================================

======================================================================================

======================================================================================

======================================================================================


--------------------------------------------------------------------------------------

日志时间：2022-04-27 18:52:40,360 [30] 
日志级别：ERROR 
日 志 类：类名：NF.WeiXinApp.Utility.Filters
	方法名：OnException [(null)] 
An error occurred while updating the entries. See the inner exception for details. 

======================================================================================


--------------------------------------------------------------------------------------

日志时间：2022-04-27 18:54:51,767 [27] 
日志级别：ERROR 
日 志 类：类名：NF.WeiXinApp.Utility.Filters
	方法名：OnException [(null)] 
An error occurred while updating the entries. See the inner exception for details. 

======================================================================================


--------------------------------------------------------------------------------------

日志时间：2022-04-27 18:55:55,637 [32] 
日志级别：ERROR 
日 志 类：类名：NF.WeiXinApp.Utility.Filters
	方法名：OnException [(null)] 
An error occurred while updating the entries. See the inner exception for details. 

======================================================================================

======================================================================================

======================================================================================

======================================================================================

======================================================================================
