
======================================================================================

======================================================================================

======================================================================================

======================================================================================

======================================================================================

======================================================================================

======================================================================================

======================================================================================

======================================================================================

======================================================================================

======================================================================================

======================================================================================

======================================================================================

======================================================================================


--------------------------------------------------------------------------------------

日志时间：2021-11-02 17:49:31,698 [36] 
日志级别：INFO  
日 志 类：类名：NF.WeiXin.Lib.Utility
	方法名：SetSessionUser [(null)] 
登录用户：{"errcode":40029,"errmsg":"invalid code, hint: [1635846572_161_ca286c9d86f81fbd23f0ecdc7060a43b], from ip: 223.70.119.178, more info at https://open.work.weixin.qq.com/devtool/query?e=40029"} 


--------------------------------------------------------------------------------------

日志时间：2021-11-02 17:49:31,799 [30] 
日志级别：INFO  
日 志 类：类名：NF.WeiXin.Lib.Utility
	方法名：SetSessionUser [(null)] 
登录用户：{"errcode":40029,"errmsg":"invalid code, hint: [1635846572_161_7192cd9732dd721c6e09bc16918afcd2], from ip: 223.70.119.178, more info at https://open.work.weixin.qq.com/devtool/query?e=40029"} 


--------------------------------------------------------------------------------------

日志时间：2021-11-02 17:49:32,063 [30] 
日志级别：ERROR 
日 志 类：类名：NF.WeiXinApp.Utility.Filters
	方法名：OnException [(null)] 
String reference not set to an instance of a String. (Parameter 's') 


--------------------------------------------------------------------------------------

日志时间：2021-11-02 17:49:32,063 [36] 
日志级别：ERROR 
日 志 类：类名：NF.WeiXinApp.Utility.Filters
	方法名：OnException [(null)] 
String reference not set to an instance of a String. (Parameter 's') 

======================================================================================

======================================================================================
