
======================================================================================

======================================================================================

======================================================================================

======================================================================================

======================================================================================

======================================================================================

======================================================================================

======================================================================================

======================================================================================

======================================================================================


--------------------------------------------------------------------------------------

日志时间：2021-11-23 13:07:58,577 [32] 
日志级别：INFO  
日 志 类：类名：NF.WeiXin.Lib.Utility
	方法名：SetSessionUser [(null)] 
登录用户：{"errcode":40029,"errmsg":"invalid code, hint: [1637644078075723128884437], from ip: 223.70.119.178, more info at https://open.work.weixin.qq.com/devtool/query?e=40029"} 


--------------------------------------------------------------------------------------

日志时间：2021-11-23 13:07:58,612 [32] 
日志级别：ERROR 
日 志 类：类名：NF.WeiXinApp.Utility.Filters
	方法名：OnException [(null)] 
String reference not set to an instance of a String. (Parameter 's') 

======================================================================================


--------------------------------------------------------------------------------------

日志时间：2021-11-23 13:08:55,223 [31] 
日志级别：ERROR 
日 志 类：类名：NF.WeiXinApp.Utility.Filters
	方法名：OnException [(null)] 
Timeout expired.  The timeout period elapsed prior to obtaining a connection from the pool.  This may have occurred because all pooled connections were in use and max pool size was reached. 


--------------------------------------------------------------------------------------

日志时间：2021-11-23 13:09:01,630 [26] 
日志级别：ERROR 
日 志 类：类名：NF.WeiXinApp.Utility.Filters
	方法名：OnException [(null)] 
A network-related or instance-specific error occurred while establishing a connection to SQL Server. The server was not found or was not accessible. Verify that the instance name is correct and that SQL Server is configured to allow remote connections. (provider: Named Pipes Provider, error: 40 - Could not open a connection to SQL Server) 


--------------------------------------------------------------------------------------

日志时间：2021-11-23 13:09:02,422 [19] 
日志级别：ERROR 
日 志 类：类名：NF.WeiXinApp.Utility.Filters
	方法名：OnException [(null)] 
A network-related or instance-specific error occurred while establishing a connection to SQL Server. The server was not found or was not accessible. Verify that the instance name is correct and that SQL Server is configured to allow remote connections. (provider: Named Pipes Provider, error: 40 - Could not open a connection to SQL Server) 


--------------------------------------------------------------------------------------

日志时间：2021-11-23 13:09:02,423 [35] 
日志级别：ERROR 
日 志 类：类名：NF.WeiXinApp.Utility.Filters
	方法名：OnException [(null)] 
A network-related or instance-specific error occurred while establishing a connection to SQL Server. The server was not found or was not accessible. Verify that the instance name is correct and that SQL Server is configured to allow remote connections. (provider: Named Pipes Provider, error: 40 - Could not open a connection to SQL Server) 

======================================================================================

======================================================================================

======================================================================================

======================================================================================

======================================================================================

======================================================================================

======================================================================================
